<?xml version="1.0" encoding="UTF-8"?>
<!-- Generated by org.testng.reporters.JUnitReportReporter -->
<testsuite hostname="DESKTOP-H85BD0I" failures="0" tests="1" name="testCases.TC_006_EndToEndTest" time="16.510" errors="0" timestamp="2024-04-21T22:07:30 IST" skipped="0">
  <testcase classname="testCases.TC_006_EndToEndTest" name="endToendTest" time="16.510"/>
</testsuite> <!-- testCases.TC_006_EndToEndTest -->
