<?xml version="1.0" encoding="UTF-8"?>
<!-- Generated by org.testng.reporters.JUnitReportReporter -->
<testsuite hostname="DESKTOP-H85BD0I" failures="0" tests="1" name="testCases.TC_005_AddToCartPageTest" time="1.913" errors="0" timestamp="2024-04-16T15:12:34 IST" skipped="0">
  <testcase classname="testCases.TC_005_AddToCartPageTest" name="verify_addToCart" time="1.913"/>
</testsuite> <!-- testCases.TC_005_AddToCartPageTest -->
