<?xml version="1.0" encoding="UTF-8"?>
<!-- Generated by org.testng.reporters.JUnitReportReporter -->
<testsuite hostname="DESKTOP-H85BD0I" failures="0" tests="1" name="testCases.TC_001_AccountRegistrationTest" time="2.271" errors="0" timestamp="2024-04-16T15:12:34 IST" skipped="0">
  <testcase classname="testCases.TC_001_AccountRegistrationTest" name="verify_account_registration" time="2.271"/>
</testsuite> <!-- testCases.TC_001_AccountRegistrationTest -->
