<?xml version="1.0" encoding="UTF-8"?>
<!-- Generated by org.testng.reporters.JUnitReportReporter -->
<testsuite hostname="DESKTOP-H85BD0I" failures="0" tests="1" name="testCases.TC_004_SearchProductTest" time="0.687" errors="0" timestamp="2024-04-16T15:12:34 IST" skipped="0">
  <testcase classname="testCases.TC_004_SearchProductTest" name="verify_pruductSearch" time="0.687"/>
</testsuite> <!-- testCases.TC_004_SearchProductTest -->
